agcagggaacagacu&agucuguAAGUccugcU
(((((((.((((((.&.))))))...))))))) (-18.20)
(((((((.(((((((&)))))))...))))))) [-19.29]
 frequency of mfe structure in ensemble 0.171308; delta G binding=-18.80
Free Energies:
AB		AA		BB		A		B
-19.287369	-2.258297	-2.684653	-0.175967	-0.316116
gaucgguaaaaguua&uaacuuuAAGUccgauU
((((((..((((((.&.))))))....)))))) ( -9.90)
((((((..(((((({&}))))))....)))))) [-11.05]
 frequency of mfe structure in ensemble 0.153914; delta G binding=-10.94
Free Energies:
AB		AA		BB		A		B
-11.053359	-5.316071	-5.165069	-0.018297	-0.092106
gaauacgccaaacac&guguuugAAGUguauuU
((((((((((((((.&.))))))..)))))))) (-11.60)
(((((((((((((((&)))))))..)))))))) [-14.00]
 frequency of mfe structure in ensemble 0.0202783; delta G binding=-13.98
Free Energies:
AB		AA		BB		A		B
-14.002544	-1.211878	-2.504654	-0.000353	-0.023469
aaauguauuuaaaga&ucuuuaaAAGUacauuU
((((((((((((((.&.))))))..)))))))) ( -9.10)
{((((((((((((({&})))))}.,)))))))} [-10.87]
 frequency of mfe structure in ensemble 0.0564016; delta G binding=-10.81
Free Energies:
AB		AA		BB		A		B
-10.872081	-2.874979	-4.632793	-0.015464	-0.044564
auucacaugaauccu&aggauucAAGUgugaaU
((((((((((((((.&.)))))))..))))))) (-15.60)
{((((((((((((((&)))))))}.,))))))} [-17.14]
 frequency of mfe structure in ensemble 0.0823581; delta G binding=-15.10
Free Energies:
AB		AA		BB		A		B
-17.138755	-5.956350	-6.668633	-0.524156	-1.515102
uacguaccgggugaa&uucacccAAGUuacguU
.(((((..((((((.&.))))))....))))). (-13.90)
.((((({.((((((,&,))))))..},})))). [-15.12]
 frequency of mfe structure in ensemble 0.137312; delta G binding=-14.60
Free Energies:
AB		AA		BB		A		B
-15.123703	-10.734081	-2.592683	-0.496542	-0.026761
caggcucggaugucc&ggacaucAAGUagccuU
.(((((..((((((.&.))))))....))))). (-15.00)
.(((((..(((((((&)))))))....))))). [-17.44]
 frequency of mfe structure in ensemble 0.0191212; delta G binding=-15.15
Free Energies:
AB		AA		BB		A		B
-17.438754	-10.049769	-3.553633	-1.800508	-0.491788
uucaaccagcccuug&caagggcAAGUguugaU
.(((((..((((((.&.))))))....))))). (-13.90)
.(((((..(((((((&)))))))....))))). [-15.89]
 frequency of mfe structure in ensemble 0.0398561; delta G binding=-15.52
Free Energies:
AB		AA		BB		A		B
-15.886080	-1.259755	-5.276322	-0.023739	-0.344948
agaauccucgcucag&cugagcgAAGUgauucU
((((((((((((((.&.)))))).)).)))))) (-17.40)
(((((((((((((((&)))))))},).)))))) [-19.76]
 frequency of mfe structure in ensemble 0.0216275; delta G binding=-18.81
Free Energies:
AB		AA		BB		A		B
-19.762845	-2.128010	-4.808642	-0.193156	-0.756754
gccuggaacaccuau&auaggugAAGUccaggU
(((((((.((((((.&.))))))...))))))) (-19.20)
(((((((.(((((({&}))))))...))))))) [-20.11]
 frequency of mfe structure in ensemble 0.229153; delta G binding=-18.44
Free Energies:
AB		AA		BB		A		B
-20.108066	-4.397370	-3.888086	-0.533216	-1.135688
cccugauacccuguu&aacagggAAGUucaggU
.(((((..((((((.&.))))))....))))). (-16.70)
.(((((..(((((({&}))))))....))))). [-17.33]
 frequency of mfe structure in ensemble 0.359181; delta G binding=-16.91
Free Energies:
AB		AA		BB		A		B
-17.331069	-0.230729	-6.092631	-0.024887	-0.396457
guucgcgcacgcgcg&cgcgcguAAGUgcgaaU
((((((((((((((.&.))))))..)))))))) (-21.80)
(((((((((((((((&)))))))..)))))))) [-23.13]
 frequency of mfe structure in ensemble 0.115593; delta G binding=-11.59
Free Energies:
AB		AA		BB		A		B
-23.129823	-17.106827	-17.015068	-4.017725	-7.525946
caccuccgagcgcug&cagcgcuAAGUgagguU
.(((((..((((((.&.))))))....))))). (-16.60)
.(((((..(((((((&)))))))....))))). [-18.54]
 frequency of mfe structure in ensemble 0.0431708; delta G binding=-17.56
Free Energies:
AB		AA		BB		A		B
-18.536844	-10.390177	-9.678535	-0.012197	-0.963118
ggucucacccuucaa&uugaaggAAGUgagacU
((((((((((((((.&.))))))..)))))))) (-19.40)
((((((((((((((,&,))))))..)))))))) [-20.05]
 frequency of mfe structure in ensemble 0.346614; delta G binding=-19.00
Free Energies:
AB		AA		BB		A		B
-20.053018	-4.816203	-2.626877	-0.946439	-0.107186
aaagaaauuucugau&aucagaaAAGUuucuuU
((((((((((((((.&.))))))..)))))))) (-11.10)
{((((((((((((({&})))))}..)))))))} [-12.91]
 frequency of mfe structure in ensemble 0.0533107; delta G binding=-11.54
Free Energies:
AB		AA		BB		A		B
-12.906818	-10.455741	-6.824603	-0.498128	-0.872952
ucgcguuuuguaacu&aguuacaAAGUacgcgU
.(((((((((((((.&.))))))))..))))). (-14.70)
.((((((((((((((&)))))))))..))))). [-15.85]
 frequency of mfe structure in ensemble 0.153704; delta G binding=-15.16
Free Energies:
AB		AA		BB		A		B
-15.854200	-5.267466	-7.821745	-0.426069	-0.267850
gacucauggguauuu&aaauaccAAGUugaguU
((((((..((((((.&.))))))....)))))) (-12.00)
((((((..(((((({&}))))))....)))))) [-12.91]
 frequency of mfe structure in ensemble 0.228498; delta G binding=-12.52
Free Energies:
AB		AA		BB		A		B
-12.909829	-13.655209	-6.403144	-0.292601	-0.097511
caaaugucguauuug&caaauacAAGUcauuuU
.(((((..((((((.&.))))))....))))). ( -5.10)
.{((((..(((((((&)))))))....))))}. [ -7.26]
 frequency of mfe structure in ensemble 0.0299627; delta G binding= -6.57
Free Energies:
AB		AA		BB		A		B
-7.261916	-7.433528	-1.202468	-0.658423	-0.031106
ggccucgaauccaug&cauggauAAGUgaggcU
(((((((.((((((.&.))))))...))))))) (-16.70)
(((((((.(((((((&)))))))...))))))) [-18.87]
 frequency of mfe structure in ensemble 0.0297928; delta G binding=-17.90
Free Energies:
AB		AA		BB		A		B
-18.865437	-9.190575	-5.061875	-0.438096	-0.527959
gacccauauggcggg&cccgccaAAGUuggguU
((((((..((((((.&.))))))....)))))) (-19.60)
((((((..(((((((&)))))))....)))))) [-21.75]
 frequency of mfe structure in ensemble 0.0305181; delta G binding=-15.49
Free Energies:
AB		AA		BB		A		B
-21.750612	-11.352903	-9.873990	-2.659174	-3.601840
ccagugucucccaac&guugggaAAGUcacugU
.(((((.(((((((.&.)))))..)).))))). (-14.50)
.(((((.((((((((&))))))}..).))))). [-17.41]
 frequency of mfe structure in ensemble 0.00890042; delta G binding=-16.77
Free Energies:
AB		AA		BB		A		B
-17.410055	-2.413888	-3.891443	-0.072984	-0.570906
ucgagaugacuuucu&agaaaguAAGUucucgU
.(((((..((((((.&.))))))....))))). (-12.20)
.(((((..(((((((&)))))))....))))). [-13.14]
 frequency of mfe structure in ensemble 0.219142; delta G binding=-11.48
Free Energies:
AB		AA		BB		A		B
-13.135597	-4.221689	-4.100465	-1.064810	-0.595396
ggagaaauaguugcg&cgcaacuAAGUuucucU
((((((((((((((.&.))))))..)))))))) (-16.00)
(((((((((((((((&))))))),.,))))))) [-17.76]
 frequency of mfe structure in ensemble 0.0573134; delta G binding=-17.62
Free Energies:
AB		AA		BB		A		B
-17.762197	-2.538861	-4.569094	-0.011297	-0.127246
ccauagaugaucauu&aaugaucAAGUcuaugU
.(((((((((((((.&.)))))))..)))))). (-13.50)
.((((((((((((({&}))))))}.,)))))). [-14.50]
 frequency of mfe structure in ensemble 0.197949; delta G binding=-14.21
Free Energies:
AB		AA		BB		A		B
-14.498282	-10.279896	-6.437674	-0.077947	-0.206407
uccaacaauccacac&guguggaAAGUguuggU
.((((((.((((((.&.))))))...)))))). (-15.70)
.((((((.(((((((&)))))))...)))))). [-17.89]
 frequency of mfe structure in ensemble 0.0287592; delta G binding=-17.87
Free Energies:
AB		AA		BB		A		B
-17.887197	2.872465	0.495150	-0.000000	-0.013346
acuaguuuccccaag&cuuggggAAGUacuagU
((((((((((((((.&.))))))))..)))))) (-18.20)
(((((((((((((((&)))))))))..)))))) [-20.34]
 frequency of mfe structure in ensemble 0.0308437; delta G binding=-19.21
Free Energies:
AB		AA		BB		A		B
-20.344071	-4.926792	-6.651631	-0.005988	-1.131482
cgacaaaagaguuaa&uuaacucAAGUuugucU
.((((((.((((((.&.))))))...)))))). (-12.20)
.((((((.((((((,&,))))))...)))))). [-12.66]
 frequency of mfe structure in ensemble 0.471926; delta G binding=-12.03
Free Energies:
AB		AA		BB		A		B
-12.662816	-1.581700	-4.476519	-0.414044	-0.217946
gcuggggcagcccua&uagggcuAAGUcccagU
((((((((((((((.&.))))))..)))))))) (-23.90)
(((((((((((((((&)))))))..)))))))) [-24.88]
 frequency of mfe structure in ensemble 0.204489; delta G binding=-16.49
Free Energies:
AB		AA		BB		A		B
-24.878249	-20.615846	-14.847227	-4.795340	-3.597174
cgagauguguugguu&aaccaacAAGUaucucU
.(((((((((((((.&.)))))))..)))))). (-15.50)
.((((((((((((({&})))))))..)))))). [-16.28]
 frequency of mfe structure in ensemble 0.281188; delta G binding=-15.87
Free Energies:
AB		AA		BB		A		B
-16.281947	-7.425126	-1.052289	-0.342745	-0.065078
ccaguaagacacagc&gcuguguAAGUuacugU
.((((((.((((((.&.))))))...)))))). (-13.60)
.((((((.(((((((&)))))))...)))))). [-16.10]
 frequency of mfe structure in ensemble 0.0174302; delta G binding=-15.08
Free Energies:
AB		AA		BB		A		B
-16.095824	-1.391110	-7.583030	-0.073640	-0.946854
acgguccacucuuuu&aaaagagAAGUgaccgU
((((((.((((((((&..))))).))))))))) (-13.80)
((((({,((((((({&..))))),,)))))))) [-15.31]
 frequency of mfe structure in ensemble 0.0857916; delta G binding=-15.23
Free Energies:
AB		AA		BB		A		B
-15.313582	-5.682180	-2.613334	-0.084038	-0.000793
gcgcuaaaauagcug&cagcuauAAGUuagcgU
(((((((.((((((.&.))))))...))))))) (-14.60)
(((((((.(((((((&)))))))...))))))) [-16.69]
 frequency of mfe structure in ensemble 0.0334055; delta G binding=-10.46
Free Energies:
AB		AA		BB		A		B
-16.694896	-8.706369	-9.247053	-2.504102	-3.733257
cgauuugaggcugag&cucagccAAGUaaaucU
.((((((.((((((.&.))))))...)))))). (-14.40)
.((((((.(((((((&)))))))...)))))). [-16.10]
 frequency of mfe structure in ensemble 0.0638873; delta G binding=-16.02
Free Energies:
AB		AA		BB		A		B
-16.095273	-5.432563	-2.044732	-0.025801	-0.046333
guguuaaaauccuug&caaggauAAGUuaacaU
(((((((.((((((.&.))))))...))))))) (-10.60)
(((((((.(((((((&)))))))...))))))) [-12.76]
 frequency of mfe structure in ensemble 0.0302875; delta G binding=-12.72
Free Energies:
AB		AA		BB		A		B
-12.755286	-0.183418	-5.986083	-0.015091	-0.019167
aaauuggucuuaacc&gguuaagAAGUcaauuU
((((((((((((((.&.)))))))..))))))) ( -9.80)
{((((((((((((((&))))))))..))))))} [-12.74]
 frequency of mfe structure in ensemble 0.00844714; delta G binding=-12.10
Free Energies:
AB		AA		BB		A		B
-12.742271	-3.067856	-1.863737	-0.555696	-0.084844
uaggagcuugacaga&ucugucaAAGUcuccuU
.(((((((((((((.&.))))).))).))))). (-17.00)
.((((((((((((({&})))))))}).))))). [-18.51]
 frequency of mfe structure in ensemble 0.0863721; delta G binding=-18.36
Free Energies:
AB		AA		BB		A		B
-18.509425	-6.482765	-1.853046	-0.037126	-0.108057
cugccgugugucagu&acugacaAAGUcggcaU
.(((((..((((((.&.))))))....))))). (-16.90)
.(((((..(((((((&)))))))....))))). [-17.91]
 frequency of mfe structure in ensemble 0.195184; delta G binding=-13.26
Free Energies:
AB		AA		BB		A		B
-17.906953	-5.562552	-11.910217	-0.813403	-3.828990
uucaggcgccucugc&gcagaggAAGUccugaU
.(((((..((((((.&.))))))....))))). (-16.80)
.((((({.(((((((&)))))))..}.))))). [-19.81]
 frequency of mfe structure in ensemble 0.00758452; delta G binding=-16.02
Free Energies:
AB		AA		BB		A		B
-19.808659	-15.862878	-10.898514	-1.406717	-2.386545
agccggaccaccgag&cucggugAAGUccggcU
((((((((((((((.&.))))))..)))))))) (-24.60)
(((((((((((((((&)))))))..)))))))) [-26.48]
 frequency of mfe structure in ensemble 0.0477227; delta G binding=-19.75
Free Energies:
AB		AA		BB		A		B
-26.475063	-7.879959	-9.651176	-2.759092	-3.967160
uuggaaguccuccgg&ccggaggAAGUuuccaU
.(((((((((((((.&.)))))))..)))))). (-19.10)
.((((({((((((((&))))))))..)))))). [-21.37]
 frequency of mfe structure in ensemble 0.0252022; delta G binding=-15.32
Free Energies:
AB		AA		BB		A		B
-21.368568	-8.569286	-12.003298	-2.875741	-3.175682
gucuaaucgaccuag&cuaggucAAGUuuagaU
((((((..((((((.&.))))))....)))))) (-12.00)
((((((..(((((((&)))))))....)))))) [-13.93]
 frequency of mfe structure in ensemble 0.043828; delta G binding=-12.01
Free Energies:
AB		AA		BB		A		B
-13.927533	-4.576851	-4.334007	-1.206308	-0.709705
uucggguucagcgca&ugcgcugAAGUcccgaU
.(((((((((((((.&.))))))))..))))). (-22.50)
.((((((((((((({&}))))))))..))))). [-23.30]
 frequency of mfe structure in ensemble 0.271214; delta G binding=-22.81
Free Energies:
AB		AA		BB		A		B
-23.304205	-7.697390	-7.172476	-0.208912	-0.288732
uacuccuuuacgaaa&uuucguaAAGUggaguU
.(((((((((((((.&.))))))))..))))). (-14.10)
.(((((((((((((,&,))))))))..))))). [-15.06]
 frequency of mfe structure in ensemble 0.211894; delta G binding=-14.15
Free Energies:
AB		AA		BB		A		B
-15.056325	-0.913448	-2.980951	-0.072157	-0.832766
cauugagccguugcc&ggcaacgAAGUucaauU
.(((((((((((((.&.))))))..))))))). (-14.80)
.((((((((((((((&)))))))..))))))). [-17.29]
 frequency of mfe structure in ensemble 0.0174655; delta G binding=-16.71
Free Energies:
AB		AA		BB		A		B
-17.294576	-4.025866	-5.868795	-0.302971	-0.281879
accuggugcugauca&ugaucagAAGUccaggU
((((((..((((((.&.))))))....)))))) (-18.20)
((((((..(((((({&}))))))....)))))) [-18.95]
 frequency of mfe structure in ensemble 0.298001; delta G binding=-17.77
Free Energies:
AB		AA		BB		A		B
-18.946156	-6.850520	-6.443292	-0.994094	-0.178886
uagacccaggccggc&gccggccAAGUggucuU
.(((((..((((((.&.))))))....))))). (-19.50)
.(((((..(((((((&)))))))....))))). [-21.97]
 frequency of mfe structure in ensemble 0.0182637; delta G binding=-16.66
Free Energies:
AB		AA		BB		A		B
-21.967034	-11.649881	-15.439011	-0.667823	-4.641290
uacuuuggaaauaua&uauauuuAAGUaaaguU
.((((((.((((((.&.))))))...)))))). ( -4.90)
.((((((.(((((({&}))))))...)))))). [ -6.18]
 frequency of mfe structure in ensemble 0.12606; delta G binding= -6.07
Free Energies:
AB		AA		BB		A		B
-6.176367	-2.192787	-5.976751	-0.018998	-0.086011
auuauugccgacaca&ugugucgAAGUaauaaU
((((((((((((((.&.))))))..)))))))) (-14.20)
{((((((((((((({&}))))))..)))))))} [-15.05]
 frequency of mfe structure in ensemble 0.24976; delta G binding=-14.98
Free Energies:
AB		AA		BB		A		B
-15.054993	-2.417697	-3.689764	-0.041093	-0.035799
gcuguuuagaggcug&cagccucAAGUaacagU
((((((..((((((.&.))))))....)))))) (-15.50)
((((((..(((((((&)))))))....)))))) [-17.61]
 frequency of mfe structure in ensemble 0.0327687; delta G binding=-15.83
Free Energies:
AB		AA		BB		A		B
-17.606759	-8.315413	-1.721499	-1.718499	-0.063097
cgagugucgacccug&cagggucAAGUcacucU
.(((((..((((((.&.))))))....))))). (-17.10)
.(((((..(((((((&)))))))....))))). [-18.98]
 frequency of mfe structure in ensemble 0.0472841; delta G binding=-15.74
Free Energies:
AB		AA		BB		A		B
-18.980753	-11.696522	-7.125355	-0.618694	-2.617218
guaaugauccguaau&auuacggAAGUcauuaU
((((((((((((((.&.)))))))..))))))) (-13.40)
(((((((((((((({&})))))))..))))))) [-14.68]
 frequency of mfe structure in ensemble 0.1249; delta G binding=-14.48
Free Energies:
AB		AA		BB		A		B
-14.682096	-3.471671	-2.125778	-0.037826	-0.161311
cuuauccggcaacgc&gcguugcAAGUgauaaU
.(((((..((((((.&.))))))....))))). (-11.60)
.(((((..(((((((&)))))))....))))). [-14.14]
 frequency of mfe structure in ensemble 0.0163113; delta G binding=-13.26
Free Energies:
AB		AA		BB		A		B
-14.136712	-5.543430	-8.040964	-0.458341	-0.420785
uccgcgaccggcggg&cccgccgAAGUcgcggU
.(((((((((((((.&.))))))..))))))). (-26.20)
.((((((((((((((&)))))))..))))))). [-28.08]
 frequency of mfe structure in ensemble 0.047066; delta G binding=-14.95
Free Energies:
AB		AA		BB		A		B
-28.083604	-16.723635	-16.882748	-7.529497	-5.607243
ucgaacgagcagaug&caucugcAAGUguucgU
.((((((.((((((.&.))))))...)))))). (-14.30)
.((((((.(((((((&)))))))...)))))). [-16.23]
 frequency of mfe structure in ensemble 0.0433022; delta G binding=-15.91
Free Energies:
AB		AA		BB		A		B
-16.234971	-4.511325	-7.694771	-0.120593	-0.202510
agucaagacggauaa&uuauccgAAGUuugacU
(((((((.((((((.&.))))))...))))))) (-13.70)
(((((((.((((((,&,))))))...))))))) [-14.39]
 frequency of mfe structure in ensemble 0.324729; delta G binding=-13.62
Free Energies:
AB		AA		BB		A		B
-14.393215	-6.291121	-6.484497	-0.642372	-0.132821
uguaggucacggagu&acuccguAAGUccuacU
.(((((..((((((.&.))))))....))))). (-16.20)
.(((((..(((((((&)))))))....))))). [-17.08]
 frequency of mfe structure in ensemble 0.241489; delta G binding=-16.56
Free Energies:
AB		AA		BB		A		B
-17.075750	-3.490282	-2.633960	-0.131451	-0.379966
aguacgaugagcggg&cccgcucAAGUcguacU
((((((((((((((.&.)))))))..))))))) (-21.40)
(((((((((((((((&)))))))}.,))))))) [-23.84]
 frequency of mfe structure in ensemble 0.0191553; delta G binding=-23.37
Free Energies:
AB		AA		BB		A		B
-23.837657	-4.091323	-4.790818	-0.301321	-0.163091
uaucucuaggagggu&acccuccAAGUgagauU
.(((((..((((((.&.))))))....))))). (-16.80)
.(((((..(((((((&)))))))....))))). [-17.82]
 frequency of mfe structure in ensemble 0.190101; delta G binding=-15.11
Free Energies:
AB		AA		BB		A		B
-17.823213	-10.837604	-5.274289	-1.492859	-1.217715
cauaucccgguccca&ugggaccAAGUgauauU
.(((((..((((((.&.))))))....))))). (-14.70)
.(((((..(((((({&}))))))....))))). [-15.37]
 frequency of mfe structure in ensemble 0.339447; delta G binding=-15.28
Free Energies:
AB		AA		BB		A		B
-15.365895	-6.554188	-9.739284	-0.014340	-0.074823
auccgagcggcggcc&ggccgccAAGUucggaU
((((((((((((((.&.))))))..)))))))) (-24.10)
{((((((((((((((&)))))))..)))))))} [-26.69]
 frequency of mfe structure in ensemble 0.0148593; delta G binding=-22.86
Free Energies:
AB		AA		BB		A		B
-26.694176	-11.202306	-11.869431	-2.077770	-1.754486
guccguauacuccug&caggaguAAGUacggaU
((((((((((((((.&.))))))..)))))))) (-18.40)
(((((((((((((((&))))))),.}))))))) [-20.90]
 frequency of mfe structure in ensemble 0.0173436; delta G binding=-20.81
Free Energies:
AB		AA		BB		A		B
-20.898893	-6.392791	-4.760499	-0.035898	-0.050339
cgucugcaccguuga&ucaacggAAGUcagacU
.(((((..((((((.&.))))))....))))). (-15.30)
.((((({.(((((({&}))))))..}.))))). [-16.59]
 frequency of mfe structure in ensemble 0.122628; delta G binding=-16.19
Free Energies:
AB		AA		BB		A		B
-16.593412	-4.522209	-7.861506	-0.152566	-0.255545
uugacggcauguagg&ccuacauAAGUcgucaU
.(((((((((((((.&.))))))..))))))). (-16.30)
.((((((((((((((&)))))))..))))))). [-18.42]
 frequency of mfe structure in ensemble 0.0320314; delta G binding=-18.20
Free Energies:
AB		AA		BB		A		B
-18.420783	-7.060792	-0.692695	-0.150092	-0.073089
ucuaggcaccccuac&guaggggAAGUccuagU
.(((((..((((((.&.))))))....))))). (-15.60)
.((((({.(((((((&)))))))..}.))))). [-18.36]
 frequency of mfe structure in ensemble 0.0112727; delta G binding=-11.99
Free Energies:
AB		AA		BB		A		B
-18.364429	-7.189938	-11.424605	-2.130129	-4.246718
gcauaucccuuaagc&gcuuaagAAGUauaugU
((((((..((((((.&.))))))....)))))) ( -8.00)
((((((..(((((((&)))))))....)))))) [-10.61]
 frequency of mfe structure in ensemble 0.0144219; delta G binding= -9.97
Free Energies:
AB		AA		BB		A		B
-10.612587	-4.244770	-5.748509	-0.156839	-0.482599
uuauacagggaguac&guacuccAAGUguauaU
.(((((..((((((.&.))))))..)))))... (-13.30)
.(((((..(((((((&)))))))..)))))... [-15.69]
 frequency of mfe structure in ensemble 0.0206491; delta G binding=-14.06
Free Energies:
AB		AA		BB		A		B
-15.691377	-1.943437	-4.836610	-0.240098	-1.391906
cccacccgaaucauc&gaugauuAAGUgguggU
.(((((..((((((.&.))))))....))))). (-12.50)
.(((((..(((((((&)))))))....))))). [-14.77]
 frequency of mfe structure in ensemble 0.025082; delta G binding=-14.58
Free Energies:
AB		AA		BB		A		B
-14.771514	-1.698194	-4.221744	-0.012068	-0.180759
acccugcacgacguu&aacgucgAAGUcagggU
((((((..((((((.&.))))))....)))))) (-17.00)
(((((({.(((((({&}))))))..}.)))))) [-18.42]
 frequency of mfe structure in ensemble 0.100579; delta G binding=-18.02
Free Energies:
AB		AA		BB		A		B
-18.415572	-5.073836	-5.624206	-0.057746	-0.340909
aaggucugacgccgg&ccggcguAAGUgaccuU
((((((..((((((.&.))))))....)))))) (-19.00)
{(((((..(((((((&)))))))....)))))} [-21.23]
 frequency of mfe structure in ensemble 0.0268417; delta G binding=-18.46
Free Energies:
AB		AA		BB		A		B
-21.229725	-7.668252	-5.778536	-1.698278	-1.073894
uaugagacacacgca&ugcguguAAGUcucauU
.(((((((((((((.&.))))))..))))))). (-18.70)
.((((((((((((({&}))))))..))))))). [-19.41]
 frequency of mfe structure in ensemble 0.313675; delta G binding=-19.04
Free Energies:
AB		AA		BB		A		B
-19.414561	-2.002791	-5.101481	-0.030740	-0.343190
ccuuggcgucugcuu&aagcagaAAGUccaagU
.(((((..((((((.&.))))))....))))). (-14.50)
.((((((.(((((({&}))))))..).))))). [-16.06]
 frequency of mfe structure in ensemble 0.0792379; delta G binding=-14.43
Free Energies:
AB		AA		BB		A		B
-16.062559	-8.340239	-2.059985	-1.552025	-0.078038
gcaaaucacuagauu&aaucuagAAGUauuugU
((((((..((((((.&.))))))....)))))) ( -8.20)
((((((..(((((({&}))))))....)))))) [ -9.08]
 frequency of mfe structure in ensemble 0.240822; delta G binding= -8.38
Free Energies:
AB		AA		BB		A		B
-9.077452	-3.911705	-6.571356	-0.635530	-0.061095
caugaggucgauauc&gauaucgAAGUcucauU
.(((((((((((((.&.)))))))..)))))). (-12.30)
.((((((((((((((&))))))))..)))))). [-14.86]
 frequency of mfe structure in ensemble 0.0157298; delta G binding=-14.21
Free Energies:
AB		AA		BB		A		B
-14.859085	-7.665636	-9.035749	-0.065317	-0.579834
aaucgggagcugccu&aggcagcAAGUccgauU
(((((((.((((((.&.))))))...))))))) (-19.30)
{((((((.(((((((&)))))))...))))))} [-20.52]
 frequency of mfe structure in ensemble 0.137434; delta G binding=-17.61
Free Energies:
AB		AA		BB		A		B
-20.523156	-15.320428	-5.273299	-1.752364	-1.162100
acuuugguacaguga&ucacuguAAGUcaaagU
((((((((((((((.&.)))))))..))))))) (-14.80)
(((((((((((((({&})))))))..))))))) [-15.91]
 frequency of mfe structure in ensemble 0.164196; delta G binding=-15.46
Free Energies:
AB		AA		BB		A		B
-15.913503	-4.714467	-3.202549	-0.166736	-0.282719
gucagucugcugcgc&gcgcagcAAGUacugaU
((((((((((((((.&.)))))).)).)))))) (-19.10)
(((((((((((((((&)))))))},).)))))) [-22.15]
 frequency of mfe structure in ensemble 0.00714449; delta G binding=-19.43
Free Energies:
AB		AA		BB		A		B
-22.145496	-9.237249	-8.425123	-1.352564	-1.365175
auagauguccugcgg&ccgcaggAAGUaucuaU
((((((((((((((.&.)))))))..))))))) (-17.80)
{((((((((((((((&))))))))..))))))} [-20.08]
 frequency of mfe structure in ensemble 0.0246094; delta G binding=-19.37
Free Energies:
AB		AA		BB		A		B
-20.083237	-6.678885	-5.269085	-0.226203	-0.487036
gaaucacaagaggcg&cgccucuAAGUugauuU
((((((..((((((.&.))))))....)))))) (-13.40)
(((((({.(((((((&)))))))..}.}))))) [-15.41]
 frequency of mfe structure in ensemble 0.0382958; delta G binding=-15.04
Free Energies:
AB		AA		BB		A		B
-15.410693	-2.530459	-3.733569	-0.094247	-0.277828
aaccauagaaacauu&aauguuuAAGUaugguU
(((((((.((((((.&.))))))...))))))) (-10.00)
{((((((.(((((({&}))))))...))))))} [-11.18]
 frequency of mfe structure in ensemble 0.147254; delta G binding=-11.13
Free Energies:
AB		AA		BB		A		B
-11.180621	1.363717	-3.239706	-0.003071	-0.044341
cgucuuaaacaccau&augguguAAGUaagacU
.((((((.((((((.&.))))))...)))))). (-14.50)
.((((((.(((((({&}))))))...)))))). [-15.35]
 frequency of mfe structure in ensemble 0.250313; delta G binding=-15.09
Free Energies:
AB		AA		BB		A		B
-15.353630	-1.263151	-2.474474	-0.044639	-0.221007
ucucagagaaccuga&ucagguuAAGUcugagU
.((((((.((((((.&.))))))...)))))). (-16.10)
.((((((.(((((({&}))))))...)))))). [-16.96]
 frequency of mfe structure in ensemble 0.24706; delta G binding=-11.53
Free Energies:
AB		AA		BB		A		B
-16.961694	-9.152590	-11.110252	-2.251989	-3.181173
guuaaccccuucuaa&uuagaagAAGUguuaaU
((((((..((((((.&.))))))....)))))) ( -8.20)
{(((((..((((((,&,))))))....)))))} [ -9.07]
 frequency of mfe structure in ensemble 0.242836; delta G binding= -9.01
Free Energies:
AB		AA		BB		A		B
-9.072320	-4.592580	-1.263780	-0.010175	-0.051155
uuucacgauagucuu&aagacuaAAGUgugaaU
.((((((.((((((.&.))))))...)))))). (-11.80)
.((((((.(((((({&}))))))...)))))}. [-12.76]
 frequency of mfe structure in ensemble 0.210266; delta G binding=-12.31
Free Energies:
AB		AA		BB		A		B
-12.761080	-4.071926	-2.895071	-0.150708	-0.302719
gcacacccggucgaa&uucgaccAAGUgugugU
((((((..((((((.&.))))))..)))))).. (-18.90)
((((((..((((((,&,))))))..)))))).. [-19.38]
 frequency of mfe structure in ensemble 0.460472; delta G binding=-19.11
Free Energies:
AB		AA		BB		A		B
-19.377958	-6.921789	-3.802728	-0.051828	-0.220871
aagugagauuccggu&accggaaAAGUucacuU
(((((((.((((((.&.))))))...))))))) (-15.40)
{((((((.(((((((&)))))))...))))))} [-16.75]
 frequency of mfe structure in ensemble 0.111633; delta G binding=-16.40
Free Energies:
AB		AA		BB		A		B
-16.751307	-5.911840	-6.810827	-0.047082	-0.303384
gaccgaucagcccug&cagggcuAAGUucgguU
((((((..((((((.&.))))))....)))))) (-17.50)
((((((..(((((((&)))))))....)))))) [-19.64]
 frequency of mfe structure in ensemble 0.0309297; delta G binding=-18.52
Free Energies:
AB		AA		BB		A		B
-19.642355	-4.663959	-9.700283	-0.085641	-1.037398
caguguuugcaucgc&gcgaugcAAGUacacuU
.(((((((((((((.&.))))))))..))))). (-16.30)
.((((((((((((((&)))))))))..))))). [-19.08]
 frequency of mfe structure in ensemble 0.0109903; delta G binding=-18.16
Free Energies:
AB		AA		BB		A		B
-19.080066	-7.115154	-6.816688	-0.475942	-0.444582
cgcagauccauguac&guacaugAAGUucugcU
.(((((..((((((.&.))))))....))))). (-12.90)
.(((((..(((((((&)))))))....))))). [-15.11]
 frequency of mfe structure in ensemble 0.0277625; delta G binding=-13.96
Free Energies:
AB		AA		BB		A		B
-15.108936	-5.269888	-6.778944	-0.923499	-0.227614
gguaggaaggcaucc&ggaugccAAGUccuacU
(((((((.((((((.&.))))))...))))))) (-19.10)
(((((((.(((((((&)))))))...))))))) [-21.63]
 frequency of mfe structure in ensemble 0.0165823; delta G binding=-17.26
Free Energies:
AB		AA		BB		A		B
-21.626558	-6.935099	-10.222260	-0.848840	-3.517841
ccgucgcgagccuau&auaggcuAAGUcgacgU
.(((((..((((((.&.))))))....))))). (-15.50)
.((((((.(((((({&}))))))..).))))). [-17.29]
 frequency of mfe structure in ensemble 0.0543777; delta G binding=-16.76
Free Energies:
AB		AA		BB		A		B
-17.294604	-9.597463	-9.996402	-0.089048	-0.446866
gcauucgaguggcaa&uugccacAAGUgaaugU
(((((((.((((((.&.))))))...))))))) (-16.40)
(((((((.((((((,&,))))))...))))))) [-17.02]
 frequency of mfe structure in ensemble 0.368449; delta G binding=-15.83
Free Energies:
AB		AA		BB		A		B
-17.015367	-14.936355	-5.927012	-0.824799	-0.357952
uagucaacuaggggu&accccuaAAGUugacuU
.(((((((((((((.&.)))))..)))))))). (-19.20)
.((((((((((((((&)))))),.}))))))). [-20.48]
 frequency of mfe structure in ensemble 0.1245; delta G binding=-20.15
Free Energies:
AB		AA		BB		A		B
-20.484074	-5.659476	-8.289439	-0.264620	-0.066033
GUUUUAGAGCUAUGC&GCAUAGCAAGUUAAAAU
(((((((.((((((.&.))))))...))))))) ( -9.50)
{((((((.(((((((&)))))))...))))))} [-12.18]
 frequency of mfe structure in ensemble 0.012938; delta G binding=-11.68
Free Energies:
AB		AA		BB		A		B
-12.179509	-9.189925	-4.587359	-0.182427	-0.314557
