AGUUAUUAUAUAGUUCGGUCagcagggaacagacu
............((((..........))))..... ( -2.90)
............((((..........))))..... [ -3.14]
............((((..........))))..... { -2.90 d=2.05}
 frequency of mfe structure in ensemble 0.679561; ensemble diversity 3.61  
AGUUAUUAUAUAGUUCGGUCgaucgguaaaaguua
..............(((......)))......... ( -0.10)
..............{((.....,))}......... [ -1.22]
...............((......)).......... {  0.00 d=2.47}
 frequency of mfe structure in ensemble 0.162642; ensemble diversity 3.91  
AGUUAUUAUAUAGUUCGGUCgaauacgccaaacac
............(((.((.((....)))).))).. ( -4.20)
............(((.((.((....)))).))).. [ -4.49]
............(((.((.((....)))).))).. { -4.20 d=1.03}
 frequency of mfe structure in ensemble 0.622525; ensemble diversity 1.74  
AGUUAUUAUAUAGUUCGGUCaaauguauuuaaaga
................................... (  0.00)
.......{{{{,...........}}}},....... [ -0.69]
................................... {  0.00 d=3.83}
 frequency of mfe structure in ensemble 0.32711; ensemble diversity 6.00  
AGUUAUUAUAUAGUUCGGUCauucacaugaauccu
................((..((((....)))))). ( -1.70)
................((,,{{,,...}))}}}}. [ -2.62]
................((..............)). {  0.60 d=5.31}
 frequency of mfe structure in ensemble 0.223216; ensemble diversity 7.48  
AGUUAUUAUAUAGUUCGGUCuacguaccgggugaa
.............((((((......)))))).... ( -4.60)
.............,(((((......)))))}.... [ -5.35]
..............(((((......)))))..... { -4.50 d=1.63}
 frequency of mfe structure in ensemble 0.294606; ensemble diversity 2.70  
AGUUAUUAUAUAGUUCGGUCcaggcucggaugucc
.................((((......)))).... ( -3.50)
............,,,,{(({{..,,.,)))).... [ -4.11]
...................((......))...... { -0.90 d=5.35}
 frequency of mfe structure in ensemble 0.370062; ensemble diversity 6.44  
AGUUAUUAUAUAGUUCGGUCuucaaccagcccuug
............(((.(((.....))))))..... ( -2.40)
............({{.(((.....))))))..... [ -2.77]
............(((.(((.....))))))..... { -2.40 d=2.45}
 frequency of mfe structure in ensemble 0.546564; ensemble diversity 3.79  
AGUUAUUAUAUAGUUCGGUCagaauccucgcucag
............((((.....)))).......... ( -1.50)
............((,,{{...},,,,}..}},... [ -2.22]
................................... {  0.00 d=4.27}
 frequency of mfe structure in ensemble 0.31031; ensemble diversity 5.99  
AGUUAUUAUAUAGUUCGGUCgccuggaacaccuau
............((((.........))))...... ( -3.00)
............(((({{....},,))))...... [ -3.65]
............((((.........))))...... { -3.00 d=3.80}
 frequency of mfe structure in ensemble 0.34981; ensemble diversity 5.39  
AGUUAUUAUAUAGUUCGGUCcccugauacccuguu
..............((((....))))......... ( -1.60)
.........,,,(,{(((....)))).}}..,,,. [ -2.77]
..............((((....))))......... { -1.60 d=4.66}
 frequency of mfe structure in ensemble 0.149672; ensemble diversity 6.89  
AGUUAUUAUAUAGUUCGGUCguucgcgcacgcgcg
.......................((((....)))) ( -3.80)
................,......{{{{....}))} [ -4.36]
........................(((....))). { -2.80 d=4.24}
 frequency of mfe structure in ensemble 0.399852; ensemble diversity 6.30  
AGUUAUUAUAUAGUUCGGUCcaccuccgagcgcug
............((((((.......)))))).... ( -8.20)
............((((((.......)))))).... [ -8.31]
............((((((.......)))))).... { -8.20 d=0.39}
 frequency of mfe structure in ensemble 0.840316; ensemble diversity 0.76  
AGUUAUUAUAUAGUUCGGUCggucucacccuucaa
....................(((...)))...... ( -0.70)
................,,..{{,...}))...... [ -1.65]
................................... {  0.00 d=3.06}
 frequency of mfe structure in ensemble 0.212589; ensemble diversity 4.44  
AGUUAUUAUAUAGUUCGGUCaaagaaauuucugau
..............((((............)))). ( -1.10)
..............{{{(.....,......)))). [ -1.90]
...............(((............))).. {  0.10 d=4.38}
 frequency of mfe structure in ensemble 0.273803; ensemble diversity 6.42  
AGUUAUUAUAUAGUUCGGUCucgcguuuuguaacu
........(((((..((......))..)))))... ( -2.40)
,{{{{{..,{,,(..{{.....,)}...,))))}, [ -3.39]
.(((((.......................))))). { -0.30 d=6.87}
 frequency of mfe structure in ensemble 0.199208; ensemble diversity 9.13  
AGUUAUUAUAUAGUUCGGUCgacucauggguauuu
...((((....((((.....))))....))))... ( -0.60)
...{{{{.,,,((((.....)))).,,,}}}}... [ -1.87]
....((.....((((.....)))).....)).... {  2.20 d=5.32}
 frequency of mfe structure in ensemble 0.127747; ensemble diversity 7.62  
AGUUAUUAUAUAGUUCGGUCcaaaugucguauuug
....................((((((...)))))) ( -0.40)
....................{{{{{,...,))}}} [ -1.10]
....................(((((.....))))) {  0.10 d=4.27}
 frequency of mfe structure in ensemble 0.31921; ensemble diversity 5.70  
AGUUAUUAUAUAGUUCGGUCggccucgaauccaug
............((((((......))))))..... ( -3.70)
............((((((......})))))..... [ -4.20]
............((((((......))))))..... { -3.70 d=1.63}
 frequency of mfe structure in ensemble 0.441639; ensemble diversity 2.71  
AGUUAUUAUAUAGUUCGGUCgacccauauggcggg
......................(((.......))) ( -2.60)
...............,.,{{{.{{.....))}}), [ -3.51]
................................... {  0.00 d=4.58}
 frequency of mfe structure in ensemble 0.22807; ensemble diversity 7.06  
AGUUAUUAUAUAGUUCGGUCccagugucucccaac
............(((.((...........)).))) ( -0.40)
............{{{.((...........}).}}} [ -0.95]
............(((.((...........)).))) { -0.40 d=2.78}
 frequency of mfe structure in ensemble 0.408073; ensemble diversity 3.53  
AGUUAUUAUAUAGUUCGGUCucgagaugacuuucu
(((((((.......(((....)))))))))).... ( -3.70)
{((((({.......(((....}))))))))).... [ -4.35]
(((((((.......(((....)))))))))).... { -3.70 d=3.84}
 frequency of mfe structure in ensemble 0.346648; ensemble diversity 5.84  
AGUUAUUAUAUAGUUCGGUCggagaaauaguugcg
.((.(((((....(((.....)))..))))).)). ( -2.30)
.((.(((((....(((.....))}..))))).)). [ -2.94]
.((.(((((.....((.....))...))))).)). { -0.60 d=3.89}
 frequency of mfe structure in ensemble 0.352969; ensemble diversity 5.51  
AGUUAUUAUAUAGUUCGGUCccauagaugaucauu
................((((........))))... ( -2.10)
................((((........))))... [ -2.25]
................((((........))))... { -2.10 d=1.36}
 frequency of mfe structure in ensemble 0.781377; ensemble diversity 2.52  
AGUUAUUAUAUAGUUCGGUCuccaacaauccacac
............(((.((...)))))......... ( -0.80)
............({{.((...}}}}}......... [ -1.27]
............(((.((...)))))......... { -0.80 d=2.67}
 frequency of mfe structure in ensemble 0.464601; ensemble diversity 3.76  
AGUUAUUAUAUAGUUCGGUCacuaguuuccccaag
..........((((......))))........... ( -0.60)
..........{{{{......}}}}........... [ -1.10]
..........((((......))))........... { -0.60 d=2.31}
 frequency of mfe structure in ensemble 0.447656; ensemble diversity 3.18  
AGUUAUUAUAUAGUUCGGUCcgacaaaagaguuaa
................................... (  0.00)
............,,,,.....}},......,.... [ -1.08]
................................... {  0.00 d=3.03}
 frequency of mfe structure in ensemble 0.172173; ensemble diversity 5.02  
AGUUAUUAUAUAGUUCGGUCgcuggggcagcccua
................(((.((....)).)))... ( -4.40)
................,,..||,({{,,.,))).. [ -5.48]
................................... {  0.00 d=5.25}
 frequency of mfe structure in ensemble 0.174678; ensemble diversity 8.41  
AGUUAUUAUAUAGUUCGGUCcgagauguguugguu
.......(((((.((((...)))).)))))..... ( -2.90)
.......(((((.{(((...)))}.))))).,,.. [ -3.94]
.......(((((..(((...)))..)))))..... { -2.80 d=4.17}
 frequency of mfe structure in ensemble 0.186206; ensemble diversity 6.42  
AGUUAUUAUAUAGUUCGGUCccaguaagacacagc
............(((..(((.......)))..))) ( -1.30)
............{{,..(((.......)))..,}} [ -1.82]
............((...(((.......)))...)) { -0.40 d=2.16}
 frequency of mfe structure in ensemble 0.426885; ensemble diversity 3.00  
AGUUAUUAUAUAGUUCGGUCacgguccacucuuuu
..............(((....)))........... ( -0.90)
...........,,,,((....))}...,,...... [ -1.86]
...............((....))............ { -0.80 d=2.73}
 frequency of mfe structure in ensemble 0.212334; ensemble diversity 3.86  
AGUUAUUAUAUAGUUCGGUCgcgcuaaaauagcug
(((((((...((((........)))).))))))). ( -5.50)
(((((((...((((.......,)))).))))))). [ -5.91]
(((((((...((((........)))).))))))). { -5.50 d=1.65}
 frequency of mfe structure in ensemble 0.510842; ensemble diversity 2.78  
AGUUAUUAUAUAGUUCGGUCcgauuugaggcugag
..............((((((........)))))). ( -5.90)
.............,(((((({.....,.)))))), [ -6.95]
..............((((((........)))))). { -5.90 d=2.09}
 frequency of mfe structure in ensemble 0.183115; ensemble diversity 3.07  
AGUUAUUAUAUAGUUCGGUCguguuaaaauccuug
................................... (  0.00)
................,,............,,... [ -0.49]
................................... {  0.00 d=1.73}
 frequency of mfe structure in ensemble 0.448536; ensemble diversity 2.89  
AGUUAUUAUAUAGUUCGGUCaaauuggucuuaacc
.((((.....(((((......)))))....)))). ( -1.30)
.{{{{.....,{(((......,}}))}...}))). [ -2.22]
.((((......(((........))).....)))). {  1.90 d=6.76}
 frequency of mfe structure in ensemble 0.224663; ensemble diversity 9.29  
AGUUAUUAUAUAGUUCGGUCuaggagcuugacaga
.((((......(((((.......)))))))))... ( -4.60)
.{{{{......(((((.......)))))})))... [ -4.95]
.((((......(((((.......)))))))))... { -4.60 d=2.60}
 frequency of mfe structure in ensemble 0.562282; ensemble diversity 3.92  
AGUUAUUAUAUAGUUCGGUCcugccgugugucagu
.......(((((...((((...))))))))).... ( -3.40)
.......{{(({...((((...))))})))}.... [ -4.14]
.......(((((...((((...))))))))).... { -3.40 d=3.60}
 frequency of mfe structure in ensemble 0.300141; ensemble diversity 4.99  
AGUUAUUAUAUAGUUCGGUCuucaggcgccucugc
..........(((....(((....)))....))). ( -1.90)
..........,,{...,(({....}},,,,.}}}. [ -2.83]
................................... {  0.00 d=4.74}
 frequency of mfe structure in ensemble 0.220567; ensemble diversity 6.00  
AGUUAUUAUAUAGUUCGGUCagccggaccaccgag
............((((((....))))))....... ( -7.20)
............((((((....))))))....... [ -7.30]
............((((((....))))))....... { -7.20 d=0.82}
 frequency of mfe structure in ensemble 0.856579; ensemble diversity 1.56  
AGUUAUUAUAUAGUUCGGUCuuggaaguccuccgg
...............(((....((....)).))). ( -2.60)
...............{{{....((,...,,,))). [ -3.62]
...............(((.............))). { -2.00 d=4.45}
 frequency of mfe structure in ensemble 0.192507; ensemble diversity 5.98  
AGUUAUUAUAUAGUUCGGUCgucuaaucgaccuag
................(((((......)))))... ( -7.90)
................(((((......)))))... [ -8.00]
................(((((......)))))... { -7.90 d=0.41}
 frequency of mfe structure in ensemble 0.853712; ensemble diversity 0.80  
AGUUAUUAUAUAGUUCGGUCuucggguucagcgca
.............((((.....))))......... ( -0.30)
.............{(((,....}})}......... [ -1.64]
..............(((.....))).......... { -0.20 d=3.45}
 frequency of mfe structure in ensemble 0.1135; ensemble diversity 5.41  
AGUUAUUAUAUAGUUCGGUCuacuccuuuacgaaa
.............((((.............)))). ( -1.70)
.............{(((.............)))}. [ -2.16]
.............((((.............)))). { -1.70 d=2.26}
 frequency of mfe structure in ensemble 0.47735; ensemble diversity 3.35  
AGUUAUUAUAUAGUUCGGUCcauugagccguugcc
............((.((((.......))))..)). ( -3.70)
............((.((({.....},))))..,,. [ -4.45]
...............((((.......))))..... { -3.10 d=4.76}
 frequency of mfe structure in ensemble 0.296256; ensemble diversity 6.35  
AGUUAUUAUAUAGUUCGGUCaccuggugcugauca
..............((((.(((...)))))))... ( -4.70)
..............((((.(((...)))))))... [ -5.05]
..............((((.(((...)))))))... { -4.70 d=2.76}
 frequency of mfe structure in ensemble 0.569683; ensemble diversity 4.65  
AGUUAUUAUAUAGUUCGGUCuagacccaggccggc
..............(((((((......))))))). ( -8.40)
..............{((((((......))))))}. [ -8.92]
..............(((((((......))))))). { -8.40 d=0.88}
 frequency of mfe structure in ensemble 0.43341; ensemble diversity 1.31  
AGUUAUUAUAUAGUUCGGUCuacuuuggaaauaua
........((((.(((((......)))))..)))) ( -1.20)
........((({.((({{......}))))..)))} [ -2.38]
.............(((((......)))))...... { -0.60 d=6.42}
 frequency of mfe structure in ensemble 0.147447; ensemble diversity 8.75  
AGUUAUUAUAUAGUUCGGUCauuauugccgacaca
............((((((.((....)))))).)). ( -6.20)
............({((((.((....)))))).}}. [ -6.85]
............((((((.((....)))))).)). { -6.20 d=2.32}
 frequency of mfe structure in ensemble 0.346223; ensemble diversity 3.17  
AGUUAUUAUAUAGUUCGGUCgcuguuuagaggcug
((((.(((.(((((......))))).))).)))). ( -5.50)
((((.{((.(((((......))))).))).)))). [ -5.97]
((((.(((.(((((......))))).))).)))). { -5.50 d=3.51}
 frequency of mfe structure in ensemble 0.464347; ensemble diversity 5.66  
AGUUAUUAUAUAGUUCGGUCcgagugucgacccug
................((((........))))... ( -4.60)
................((((.{,...,}))))... [ -5.23]
................((((.(.....)))))... { -3.40 d=2.13}
 frequency of mfe structure in ensemble 0.357283; ensemble diversity 3.08  
AGUUAUUAUAUAGUUCGGUCguaaugauccguaau
...............(((((.....)).))).... ( -3.00)
............,,,(((((,...,)).))).,,, [ -4.11]
...............(((((.....)).))).... { -3.00 d=4.21}
 frequency of mfe structure in ensemble 0.164492; ensemble diversity 6.52  
AGUUAUUAUAUAGUUCGGUCcuuauccggcaacgc
..............((((.......))))...... ( -3.00)
............{,{(((.......)))),..... [ -4.07]
..............((((.......))))...... { -3.00 d=2.05}
 frequency of mfe structure in ensemble 0.177072; ensemble diversity 2.96  
AGUUAUUAUAUAGUUCGGUCuccgcgaccggcggg
..............((((((.....)))))).... ( -7.70)
............,.,(((((.....))))))}... [ -8.65]
...............(((((.....)))))..... { -7.50 d=3.08}
 frequency of mfe structure in ensemble 0.21543; ensemble diversity 4.67  
AGUUAUUAUAUAGUUCGGUCucgaacgagcagaug
............(((((........)))))..... ( -6.40)
............(((((........)))))..... [ -6.65]
............(((((........)))))..... { -6.40 d=2.52}
 frequency of mfe structure in ensemble 0.664364; ensemble diversity 4.27  
AGUUAUUAUAUAGUUCGGUCagucaagacggauaa
..............((.(((......))).))... ( -4.80)
............,,((.(((......))),)),.. [ -5.25]
..............((.(((......))).))... { -4.80 d=2.84}
 frequency of mfe structure in ensemble 0.483689; ensemble diversity 3.90  
AGUUAUUAUAUAGUUCGGUCuguaggucacggagu
..................(((((.....))))).. ( -3.00)
.,,.....{{{{{.....,||||}....)),,,.. [ -3.73]
.........((((......))))............ { -1.00 d=6.25}
 frequency of mfe structure in ensemble 0.308382; ensemble diversity 7.67  
AGUUAUUAUAUAGUUCGGUCaguacgaugagcggg
..............(((.(((......))).))). ( -6.10)
..............(((.(((......))).))). [ -6.65]
..............(((.(((......))).))). { -6.10 d=1.21}
 frequency of mfe structure in ensemble 0.412977; ensemble diversity 2.08  
AGUUAUUAUAUAGUUCGGUCuaucucuaggagggu
.........((((......))))(((...)))... ( -1.30)
.........,{{{......}}}}(({,..}})},. [ -2.46]
..........(((......)))............. {  0.30 d=5.14}
 frequency of mfe structure in ensemble 0.151963; ensemble diversity 7.35  
AGUUAUUAUAUAGUUCGGUCcauaucccgguccca
................((.((.......)).)).. ( -3.80)
................((.((.......)).)).. [ -4.07]
................((.((.......)).)).. { -3.80 d=2.31}
 frequency of mfe structure in ensemble 0.640584; ensemble diversity 3.54  
AGUUAUUAUAUAGUUCGGUCauccgagcggcggcc
............((((((....))))))....... ( -8.60)
............((((((....))))))....... [ -8.71]
............((((((....))))))....... { -8.60 d=0.42}
 frequency of mfe structure in ensemble 0.84114; ensemble diversity 0.83  
AGUUAUUAUAUAGUUCGGUCguccguauacuccug
...........(((.(((....)))...))).... ( -3.00)
...........{({.(((....)))...}},.... [ -3.60]
............(..(((....)))....)..... { -0.10 d=2.43}
 frequency of mfe structure in ensemble 0.379741; ensemble diversity 3.37  
AGUUAUUAUAUAGUUCGGUCcgucugcaccguuga
...............((((........)))).... ( -3.20)
...............((((........)))).... [ -3.39]
...............((((........)))).... { -3.20 d=1.12}
 frequency of mfe structure in ensemble 0.737286; ensemble diversity 2.09  
AGUUAUUAUAUAGUUCGGUCuugacggcauguagg
.....((((((.((.((.......)))))))))). ( -2.90)
.....,(((((.(,{((.......))))))))),. [ -4.00]
......(((((.(..((.......)).)))))).. { -0.20 d=3.51}
 frequency of mfe structure in ensemble 0.169134; ensemble diversity 5.18  
AGUUAUUAUAUAGUUCGGUCucuaggcaccccuac
......................((((....)))). ( -2.00)
..........,,,...,{{,...,||.,,,,))}. [ -2.89]
................................... {  0.00 d=5.03}
 frequency of mfe structure in ensemble 0.236382; ensemble diversity 6.82  
AGUUAUUAUAUAGUUCGGUCgcauaucccuuaagc
................((........))....... ( -0.50)
................{{........}}....... [ -1.06]
.................(........)........ {  2.90 d=2.45}
 frequency of mfe structure in ensemble 0.403643; ensemble diversity 3.76  
AGUUAUUAUAUAGUUCGGUCuuauacagggaguac
..........((.(((............))).)). ( -0.60)
..........,{.{,,..,,,.......))}.,,. [ -1.62]
................................... {  0.00 d=4.56}
 frequency of mfe structure in ensemble 0.191593; ensemble diversity 7.06  
AGUUAUUAUAUAGUUCGGUCcccacccgaaucauc
............((((((.......)))))).... ( -5.60)
............((((((.......)))))).... [ -5.90]
............((((((.......)))))).... { -5.60 d=0.87}
 frequency of mfe structure in ensemble 0.612391; ensemble diversity 1.57  
AGUUAUUAUAUAGUUCGGUCacccugcacgacguu
..............(((((......)).))).... ( -1.60)
............{,{(({,,.....),.))),... [ -2.93]
...............((...........))..... {  0.20 d=4.02}
 frequency of mfe structure in ensemble 0.116456; ensemble diversity 5.91  
AGUUAUUAUAUAGUUCGGUCaaggucugacgccgg
...............((((((.....))..)))). ( -3.30)
..............,((((({.....)),.}))). [ -4.55]
...............(((.((.....))...))). { -1.80 d=3.18}
 frequency of mfe structure in ensemble 0.132303; ensemble diversity 4.52  
AGUUAUUAUAUAGUUCGGUCuaugagacacacgca
.................((((...))))....... ( -2.20)
.........,,,(,...{{||,,,})))....... [ -3.31]
.................(((.....)))....... { -1.30 d=5.41}
 frequency of mfe structure in ensemble 0.165276; ensemble diversity 7.64  
AGUUAUUAUAUAGUUCGGUCccuuggcgucugcuu
...........(((...(((....)))....))). ( -2.00)
...........{({...({(....)))....))}. [ -2.62]
............((...(((....)))....)).. { -0.90 d=3.97}
 frequency of mfe structure in ensemble 0.363611; ensemble diversity 5.58  
AGUUAUUAUAUAGUUCGGUCgcaaaucacuagauu
.......................((((....)))) ( -0.10)
...........,,,..{{{.....,,,,},.}}}. [ -1.48]
................................... {  0.00 d=4.65}
 frequency of mfe structure in ensemble 0.106804; ensemble diversity 7.60  
AGUUAUUAUAUAGUUCGGUCcaugaggucgauauc
..............((((.((....)))))).... ( -4.50)
..............((((.((....)))))).... [ -4.81]
..............((((.((....)))))).... { -4.50 d=0.91}
 frequency of mfe structure in ensemble 0.600867; ensemble diversity 1.72  
AGUUAUUAUAUAGUUCGGUCaaucgggagcugccu
..........((((((..........))))))... ( -4.60)
..........((((((..........))))))... [ -4.89]
..........((((((..........))))))... { -4.60 d=0.87}
 frequency of mfe structure in ensemble 0.628274; ensemble diversity 1.57  
AGUUAUUAUAUAGUUCGGUCacuuugguacaguga
..................(((((.......))))) ( -2.60)
..................(((((.......))))) [ -2.96]
..................(((((.......))))) { -2.60 d=1.49}
 frequency of mfe structure in ensemble 0.558854; ensemble diversity 2.62  
AGUUAUUAUAUAGUUCGGUCgucagucugcugcgc
...................((.(((....))))). ( -2.20)
................,,.{(.{{{...,))))). [ -2.81]
...................((.(((....))))). { -2.20 d=4.40}
 frequency of mfe structure in ensemble 0.370676; ensemble diversity 6.51  
AGUUAUUAUAUAGUUCGGUCauagauguccugcgg
............((..((.((....)).)).)).. ( -2.20)
............{{..((.({....}).)).}}.. [ -2.84]
............((..((.((....)).)).)).. { -2.20 d=1.97}
 frequency of mfe structure in ensemble 0.353975; ensemble diversity 2.81  
AGUUAUUAUAUAGUUCGGUCgaaucacaagaggcg
.................(((...........))). ( -1.30)
.................,,{|..|,....,,,,). [ -2.16]
................................... {  0.00 d=4.06}
 frequency of mfe structure in ensemble 0.248727; ensemble diversity 6.09  
AGUUAUUAUAUAGUUCGGUCaaccauagaaacauu
................((....))........... ( -0.30)
.,,,....,...{{{..,...,).,,,,.},}... [ -1.44]
................................... {  0.00 d=5.56}
 frequency of mfe structure in ensemble 0.156176; ensemble diversity 8.03  
AGUUAUUAUAUAGUUCGGUCcgucuuaaacaccau
................(((...........))).. ( -0.50)
................(({..,,.....,,})).. [ -1.22]
................(((...........))).. { -0.50 d=2.23}
 frequency of mfe structure in ensemble 0.31143; ensemble diversity 3.39  
AGUUAUUAUAUAGUUCGGUCucucagagaaccuga
................((((((...))).)))... ( -4.60)
..............,,((((((...)))},)).,. [ -5.48]
................((((((...)))).))... { -4.60 d=2.78}
 frequency of mfe structure in ensemble 0.240618; ensemble diversity 4.06  
AGUUAUUAUAUAGUUCGGUCguuaaccccuucuaa
..........(((...(((.....)))....))). ( -1.60)
..........{((...(({.....)))....))}. [ -2.21]
..........(((...(((.....)))....))). { -1.60 d=2.76}
 frequency of mfe structure in ensemble 0.374662; ensemble diversity 3.95  
AGUUAUUAUAUAGUUCGGUCuuucacgauagucuu
..............(((........)))....... ( -2.10)
..............(((........)))....... [ -2.44]
..............(((........)))....... { -2.10 d=1.67}
 frequency of mfe structure in ensemble 0.580048; ensemble diversity 2.99  
AGUUAUUAUAUAGUUCGGUCgcacacccggucgaa
.............((((((((......)))))))) ( -4.80)
.............{(((((((......))))))), [ -5.43]
..............(((((((......))))))). { -4.70 d=1.30}
 frequency of mfe structure in ensemble 0.3606; ensemble diversity 1.99  
AGUUAUUAUAUAGUUCGGUCaagugagauuccggu
..............((((((......))..)))). ( -2.50)
..............{((({{......}}..)))}. [ -3.40]
..............((((((......))..)))). { -2.50 d=2.15}
 frequency of mfe structure in ensemble 0.231277; ensemble diversity 2.87  
AGUUAUUAUAUAGUUCGGUCgaccgaucagcccug
..............((((....))))......... ( -3.90)
............,,({((,,..}})),,.,,.... [ -4.51]
..............((((....))))......... { -3.90 d=4.69}
 frequency of mfe structure in ensemble 0.373011; ensemble diversity 6.22  
AGUUAUUAUAUAGUUCGGUCcaguguuugcaucgc
...............((((.((.....)).)))). ( -1.50)
...............((((.((,...,)).)))). [ -2.12]
...............((((.((.....)).)))). { -1.50 d=1.57}
 frequency of mfe structure in ensemble 0.366604; ensemble diversity 2.61  
AGUUAUUAUAUAGUUCGGUCcgcagauccauguac
................((((....))))....... ( -1.80)
........,{{.....((((....))})..}}},. [ -2.64]
................((((....))))....... { -1.80 d=4.57}
 frequency of mfe structure in ensemble 0.254411; ensemble diversity 6.84  
AGUUAUUAUAUAGUUCGGUCgguaggaaggcaucc
.................(((........))).... ( -2.20)
.................(((........))).... [ -2.43]
.................(((........))).... { -2.20 d=1.77}
 frequency of mfe structure in ensemble 0.689912; ensemble diversity 3.09  
AGUUAUUAUAUAGUUCGGUCccgucgcgagccuau
............(((((.........))))).... ( -4.70)
.........,,,(((((.........))))).},, [ -5.22]
............(((((.........))))).... { -4.70 d=2.08}
 frequency of mfe structure in ensemble 0.429886; ensemble diversity 2.75  
AGUUAUUAUAUAGUUCGGUCgcauucgaguggcaa
.................(((((......))))).. ( -5.40)
.................(((((......))))).. [ -5.60]
.................(((((......))))).. { -5.40 d=2.65}
 frequency of mfe structure in ensemble 0.725327; ensemble diversity 4.52  
AGUUAUUAUAUAGUUCGGUCuagucaacuaggggu
..................(((((....)))))... ( -2.80)
..................{((((....))))}... [ -3.30]
..................(((((....)))))... { -2.80 d=2.32}
 frequency of mfe structure in ensemble 0.444233; ensemble diversity 3.90  
AGUUAUUAUAUAGUUCGGUCguuuuagagcuaugc
........((((((((..........)))))))). ( -6.90)
........((((((((..........)))))))). [ -7.11]
........((((((((..........)))))))). { -6.90 d=0.38}
 frequency of mfe structure in ensemble 0.711639; ensemble diversity 0.64  
